{"/Users/josephcooper/git/lotrlcg-backend/cdk/lib/blog-api-stack.ts": {"path":"/Users/josephcooper/git/lotrlcg-backend/cdk/lib/blog-api-stack.ts","statementMap":{"0":{"start":{"line":2,"column":0},"end":{"line":2,"column":49}},"1":{"start":{"line":3,"column":0},"end":{"line":3,"column":63}},"2":{"start":{"line":4,"column":0},"end":{"line":4,"column":40}},"3":{"start":{"line":5,"column":0},"end":{"line":5,"column":56}},"4":{"start":{"line":6,"column":0},"end":{"line":6,"column":43}},"5":{"start":{"line":9,"column":0},"end":{"line":9,"column":24}},"6":{"start":{"line":18,"column":4},"end":{"line":18,"column":28}},"7":{"start":{"line":20,"column":30},"end":{"line":20,"column":35}},"8":{"start":{"line":22,"column":23},"end":{"line":39,"column":6}},"9":{"start":{"line":41,"column":4},"end":{"line":41,"column":41}},"10":{"start":{"line":42,"column":4},"end":{"line":42,"column":43}},"11":{"start":{"line":43,"column":4},"end":{"line":43,"column":44}},"12":{"start":{"line":46,"column":20},"end":{"line":54,"column":6}},"13":{"start":{"line":56,"column":24},"end":{"line":61,"column":6}},"14":{"start":{"line":63,"column":4},"end":{"line":67,"column":7}},"15":{"start":{"line":69,"column":4},"end":{"line":73,"column":7}},"16":{"start":{"line":76,"column":4},"end":{"line":79,"column":7}},"17":{"start":{"line":81,"column":4},"end":{"line":84,"column":7}},"18":{"start":{"line":16,"column":0},"end":{"line":16,"column":13}}},"fnMap":{"0":{"name":"(anonymous_10)","decl":{"start":{"line":17,"column":2},"end":{"line":17,"column":14}},"loc":{"start":{"line":17,"column":68},"end":{"line":85,"column":3}}}},"branchMap":{"0":{"loc":{"start":{"line":29,"column":22},"end":{"line":29,"column":61}},"type":"binary-expr","locations":[{"start":{"line":29,"column":22},"end":{"line":29,"column":46}},{"start":{"line":29,"column":50},"end":{"line":29,"column":61}}]},"1":{"loc":{"start":{"line":30,"column":19},"end":{"line":30,"column":60}},"type":"binary-expr","locations":[{"start":{"line":30,"column":19},"end":{"line":30,"column":40}},{"start":{"line":30,"column":44},"end":{"line":30,"column":60}}]}},"s":{"0":1,"1":1,"2":1,"3":1,"4":1,"5":1,"6":1,"7":1,"8":1,"9":1,"10":1,"11":1,"12":1,"13":1,"14":1,"15":1,"16":1,"17":1,"18":1},"f":{"0":1},"b":{"0":[1,1],"1":[1,1]}}
,"/Users/josephcooper/git/lotrlcg-backend/cdk/lib/blog-infra-stack.ts": {"path":"/Users/josephcooper/git/lotrlcg-backend/cdk/lib/blog-infra-stack.ts","statementMap":{"0":{"start":{"line":1,"column":0},"end":{"line":1,"column":109}},"1":{"start":{"line":2,"column":0},"end":{"line":2,"column":40}},"2":{"start":{"line":3,"column":0},"end":{"line":3,"column":41}},"3":{"start":{"line":11,"column":4},"end":{"line":11,"column":28}},"4":{"start":{"line":13,"column":4},"end":{"line":21,"column":7}},"5":{"start":{"line":24,"column":4},"end":{"line":29,"column":7}},"6":{"start":{"line":32,"column":4},"end":{"line":37,"column":7}},"7":{"start":{"line":40,"column":4},"end":{"line":45,"column":7}},"8":{"start":{"line":47,"column":4},"end":{"line":66,"column":7}},"9":{"start":{"line":68,"column":4},"end":{"line":68,"column":78}},"10":{"start":{"line":69,"column":4},"end":{"line":69,"column":82}},"11":{"start":{"line":6,"column":0},"end":{"line":6,"column":13}}},"fnMap":{"0":{"name":"(anonymous_9)","decl":{"start":{"line":10,"column":2},"end":{"line":10,"column":14}},"loc":{"start":{"line":10,"column":66},"end":{"line":70,"column":3}}}},"branchMap":{},"s":{"0":3,"1":3,"2":3,"3":3,"4":3,"5":3,"6":3,"7":3,"8":3,"9":3,"10":3,"11":3},"f":{"0":3},"b":{}}
,"/Users/josephcooper/git/lotrlcg-backend/cdk/lib/blog-streams-stack.ts": {"path":"/Users/josephcooper/git/lotrlcg-backend/cdk/lib/blog-streams-stack.ts","statementMap":{"0":{"start":{"line":2,"column":0},"end":{"line":2,"column":67}},"1":{"start":{"line":3,"column":0},"end":{"line":3,"column":73}},"2":{"start":{"line":4,"column":0},"end":{"line":4,"column":63}},"3":{"start":{"line":5,"column":0},"end":{"line":5,"column":40}},"4":{"start":{"line":7,"column":0},"end":{"line":7,"column":24}},"5":{"start":{"line":15,"column":4},"end":{"line":15,"column":28}},"6":{"start":{"line":17,"column":22},"end":{"line":17,"column":27}},"7":{"start":{"line":19,"column":21},"end":{"line":33,"column":6}},"8":{"start":{"line":35,"column":4},"end":{"line":35,"column":39}},"9":{"start":{"line":37,"column":4},"end":{"line":52,"column":6}},"10":{"start":{"line":13,"column":0},"end":{"line":13,"column":13}}},"fnMap":{"0":{"name":"(anonymous_10)","decl":{"start":{"line":14,"column":2},"end":{"line":14,"column":14}},"loc":{"start":{"line":14,"column":72},"end":{"line":53,"column":3}}}},"branchMap":{},"s":{"0":1,"1":1,"2":1,"3":1,"4":1,"5":1,"6":1,"7":1,"8":1,"9":1,"10":1},"f":{"0":1},"b":{}}
}
