{"/Users/josephcooper/git/typescript-cdk-template/cdk/lib/api-stack.ts": {"path":"/Users/josephcooper/git/typescript-cdk-template/cdk/lib/api-stack.ts","statementMap":{"0":{"start":{"line":1,"column":0},"end":{"line":1,"column":null}},"1":{"start":{"line":11,"column":0},"end":{"line":11,"column":63}},"2":{"start":{"line":12,"column":0},"end":{"line":12,"column":40}},"3":{"start":{"line":14,"column":0},"end":{"line":14,"column":24}},"4":{"start":{"line":22,"column":4},"end":{"line":22,"column":28}},"5":{"start":{"line":24,"column":22},"end":{"line":24,"column":27}},"6":{"start":{"line":25,"column":30},"end":{"line":25,"column":61}},"7":{"start":{"line":27,"column":26},"end":{"line":32,"column":6}},"8":{"start":{"line":33,"column":4},"end":{"line":33,"column":39}},"9":{"start":{"line":35,"column":27},"end":{"line":40,"column":6}},"10":{"start":{"line":41,"column":4},"end":{"line":41,"column":41}},"11":{"start":{"line":43,"column":29},"end":{"line":48,"column":6}},"12":{"start":{"line":49,"column":4},"end":{"line":49,"column":47}},"13":{"start":{"line":51,"column":20},"end":{"line":61,"column":6}},"14":{"start":{"line":63,"column":19},"end":{"line":67,"column":6}},"15":{"start":{"line":69,"column":22},"end":{"line":86,"column":6}},"16":{"start":{"line":88,"column":4},"end":{"line":88,"column":32}},"17":{"start":{"line":90,"column":26},"end":{"line":90,"column":59}},"18":{"start":{"line":91,"column":29},"end":{"line":91,"column":62}},"19":{"start":{"line":93,"column":4},"end":{"line":95,"column":7}},"20":{"start":{"line":97,"column":4},"end":{"line":99,"column":7}},"21":{"start":{"line":101,"column":4},"end":{"line":103,"column":7}},"22":{"start":{"line":105,"column":4},"end":{"line":108,"column":7}},"23":{"start":{"line":110,"column":4},"end":{"line":113,"column":7}},"24":{"start":{"line":20,"column":0},"end":{"line":20,"column":13}}},"fnMap":{"0":{"name":"(anonymous_10)","decl":{"start":{"line":21,"column":2},"end":{"line":21,"column":14}},"loc":{"start":{"line":21,"column":64},"end":{"line":114,"column":3}}}},"branchMap":{},"s":{"0":1,"1":1,"2":1,"3":1,"4":7,"5":7,"6":7,"7":7,"8":7,"9":7,"10":7,"11":7,"12":7,"13":7,"14":7,"15":7,"16":7,"17":7,"18":7,"19":7,"20":7,"21":7,"22":7,"23":7,"24":1},"f":{"0":7},"b":{}}
,"/Users/josephcooper/git/typescript-cdk-template/cdk/lib/infrastructure-stack.ts": {"path":"/Users/josephcooper/git/typescript-cdk-template/cdk/lib/infrastructure-stack.ts","statementMap":{"0":{"start":{"line":1,"column":0},"end":{"line":1,"column":77}},"1":{"start":{"line":2,"column":0},"end":{"line":2,"column":40}},"2":{"start":{"line":3,"column":0},"end":{"line":3,"column":41}},"3":{"start":{"line":11,"column":4},"end":{"line":11,"column":28}},"4":{"start":{"line":13,"column":4},"end":{"line":22,"column":7}},"5":{"start":{"line":24,"column":4},"end":{"line":32,"column":7}},"6":{"start":{"line":34,"column":4},"end":{"line":37,"column":7}},"7":{"start":{"line":6,"column":0},"end":{"line":6,"column":13}}},"fnMap":{"0":{"name":"(anonymous_9)","decl":{"start":{"line":10,"column":2},"end":{"line":10,"column":14}},"loc":{"start":{"line":10,"column":66},"end":{"line":38,"column":3}}}},"branchMap":{},"s":{"0":3,"1":3,"2":3,"3":19,"4":19,"5":19,"6":19,"7":3},"f":{"0":19},"b":{}}
,"/Users/josephcooper/git/typescript-cdk-template/cdk/lib/item-processing-state-machine.ts": {"path":"/Users/josephcooper/git/typescript-cdk-template/cdk/lib/item-processing-state-machine.ts","statementMap":{"0":{"start":{"line":2,"column":0},"end":{"line":2,"column":63}},"1":{"start":{"line":3,"column":0},"end":{"line":3,"column":40}},"2":{"start":{"line":4,"column":0},"end":{"line":4,"column":53}},"3":{"start":{"line":5,"column":0},"end":{"line":5,"column":61}},"4":{"start":{"line":6,"column":0},"end":{"line":6,"column":39}},"5":{"start":{"line":7,"column":0},"end":{"line":7,"column":24}},"6":{"start":{"line":17,"column":4},"end":{"line":17,"column":21}},"7":{"start":{"line":19,"column":26},"end":{"line":19,"column":31}},"8":{"start":{"line":20,"column":24},"end":{"line":20,"column":59}},"9":{"start":{"line":22,"column":31},"end":{"line":27,"column":6}},"10":{"start":{"line":29,"column":30},"end":{"line":34,"column":6}},"11":{"start":{"line":36,"column":28},"end":{"line":41,"column":6}},"12":{"start":{"line":42,"column":4},"end":{"line":42,"column":46}},"13":{"start":{"line":44,"column":29},"end":{"line":47,"column":6}},"14":{"start":{"line":49,"column":29},"end":{"line":52,"column":6}},"15":{"start":{"line":54,"column":24},"end":{"line":57,"column":6}},"16":{"start":{"line":59,"column":25},"end":{"line":62,"column":6}},"17":{"start":{"line":63,"column":4},"end":{"line":63,"column":44}},"18":{"start":{"line":65,"column":24},"end":{"line":68,"column":6}},"19":{"start":{"line":69,"column":4},"end":{"line":69,"column":96}},"20":{"start":{"line":70,"column":4},"end":{"line":70,"column":43}},"21":{"start":{"line":72,"column":22},"end":{"line":75,"column":6}},"22":{"start":{"line":76,"column":4},"end":{"line":76,"column":94}},"23":{"start":{"line":77,"column":4},"end":{"line":77,"column":36}},"24":{"start":{"line":79,"column":23},"end":{"line":82,"column":55}},"25":{"start":{"line":84,"column":4},"end":{"line":88,"column":7}},"26":{"start":{"line":13,"column":0},"end":{"line":13,"column":13}}},"fnMap":{"0":{"name":"(anonymous_10)","decl":{"start":{"line":16,"column":2},"end":{"line":16,"column":14}},"loc":{"start":{"line":16,"column":82},"end":{"line":89,"column":3}}}},"branchMap":{},"s":{"0":1,"1":1,"2":1,"3":1,"4":1,"5":1,"6":5,"7":5,"8":5,"9":5,"10":5,"11":5,"12":5,"13":5,"14":5,"15":5,"16":5,"17":5,"18":5,"19":5,"20":5,"21":5,"22":5,"23":5,"24":5,"25":5,"26":1},"f":{"0":5},"b":{}}
,"/Users/josephcooper/git/typescript-cdk-template/cdk/lib/state-machine-stack.ts": {"path":"/Users/josephcooper/git/typescript-cdk-template/cdk/lib/state-machine-stack.ts","statementMap":{"0":{"start":{"line":2,"column":0},"end":{"line":2,"column":40}},"1":{"start":{"line":5,"column":0},"end":{"line":5,"column":77}},"2":{"start":{"line":15,"column":4},"end":{"line":15,"column":28}},"3":{"start":{"line":17,"column":29},"end":{"line":19,"column":6}},"4":{"start":{"line":21,"column":4},"end":{"line":21,"column":37}},"5":{"start":{"line":23,"column":4},"end":{"line":26,"column":7}},"6":{"start":{"line":11,"column":0},"end":{"line":11,"column":13}}},"fnMap":{"0":{"name":"(anonymous_9)","decl":{"start":{"line":14,"column":2},"end":{"line":14,"column":14}},"loc":{"start":{"line":14,"column":73},"end":{"line":27,"column":3}}}},"branchMap":{},"s":{"0":1,"1":1,"2":5,"3":5,"4":5,"5":5,"6":1},"f":{"0":5},"b":{}}
}
