TN:
SF:cdk/lib/blog-api-stack.ts
FN:17,(anonymous_10)
FNF:1
FNH:1
FNDA:1,(anonymous_10)
DA:2,1
DA:3,1
DA:4,1
DA:5,1
DA:6,1
DA:9,1
DA:16,1
DA:18,1
DA:20,1
DA:22,1
DA:41,1
DA:42,1
DA:43,1
DA:46,1
DA:56,1
DA:63,1
DA:69,1
DA:76,1
DA:81,1
LF:19
LH:19
BRDA:29,0,0,1
BRDA:29,0,1,1
BRDA:30,1,0,1
BRDA:30,1,1,1
BRF:4
BRH:4
end_of_record
TN:
SF:cdk/lib/blog-infra-stack.ts
FN:10,(anonymous_9)
FNF:1
FNH:1
FNDA:3,(anonymous_9)
DA:1,3
DA:2,3
DA:3,3
DA:6,3
DA:11,3
DA:13,3
DA:24,3
DA:32,3
DA:40,3
DA:47,3
DA:68,3
DA:69,3
LF:12
LH:12
BRF:0
BRH:0
end_of_record
TN:
SF:cdk/lib/blog-streams-stack.ts
FN:14,(anonymous_10)
FNF:1
FNH:1
FNDA:1,(anonymous_10)
DA:2,1
DA:3,1
DA:4,1
DA:5,1
DA:7,1
DA:13,1
DA:15,1
DA:17,1
DA:19,1
DA:35,1
DA:37,1
LF:11
LH:11
BRF:0
BRH:0
end_of_record
