TN:
SF:cdk/lib/api-stack.ts
FN:21,(anonymous_10)
FNF:1
FNH:1
FNDA:7,(anonymous_10)
DA:1,1
DA:11,1
DA:12,1
DA:14,1
DA:20,1
DA:22,7
DA:24,7
DA:25,7
DA:27,7
DA:33,7
DA:35,7
DA:41,7
DA:43,7
DA:49,7
DA:51,7
DA:63,7
DA:69,7
DA:88,7
DA:90,7
DA:91,7
DA:93,7
DA:97,7
DA:101,7
DA:105,7
DA:110,7
LF:25
LH:25
BRF:0
BRH:0
end_of_record
TN:
SF:cdk/lib/infrastructure-stack.ts
FN:10,(anonymous_9)
FNF:1
FNH:1
FNDA:19,(anonymous_9)
DA:1,3
DA:2,3
DA:3,3
DA:6,3
DA:11,19
DA:13,19
DA:24,19
DA:34,19
LF:8
LH:8
BRF:0
BRH:0
end_of_record
TN:
SF:cdk/lib/item-processing-state-machine.ts
FN:16,(anonymous_10)
FNF:1
FNH:1
FNDA:5,(anonymous_10)
DA:2,1
DA:3,1
DA:4,1
DA:5,1
DA:6,1
DA:7,1
DA:13,1
DA:17,5
DA:19,5
DA:20,5
DA:22,5
DA:29,5
DA:36,5
DA:42,5
DA:44,5
DA:49,5
DA:54,5
DA:59,5
DA:63,5
DA:65,5
DA:69,5
DA:70,5
DA:72,5
DA:76,5
DA:77,5
DA:79,5
DA:84,5
LF:27
LH:27
BRF:0
BRH:0
end_of_record
TN:
SF:cdk/lib/state-machine-stack.ts
FN:14,(anonymous_9)
FNF:1
FNH:1
FNDA:5,(anonymous_9)
DA:2,1
DA:5,1
DA:11,1
DA:15,5
DA:17,5
DA:21,5
DA:23,5
LF:7
LH:7
BRF:0
BRH:0
end_of_record
